d:\cpp projects\stupid_stuff\bin\intermediates\debug\x64\vc142.pdb
d:\cpp projects\stupid_stuff\bin\intermediates\debug\x64\vc142.idb
d:\cpp projects\stupid_stuff\bin\intermediates\debug\x64\main.obj
d:\cpp projects\stupid_stuff\bin\intermediates\debug\x64\player.obj
d:\cpp projects\stupid_stuff\bin\debug\x64\stupid_stuff.pdb
d:\cpp projects\stupid_stuff\bin\intermediates\debug\x64\stupid_stuff.tlog\cl.command.1.tlog
d:\cpp projects\stupid_stuff\bin\intermediates\debug\x64\stupid_stuff.tlog\cl.read.1.tlog
d:\cpp projects\stupid_stuff\bin\intermediates\debug\x64\stupid_stuff.tlog\cl.write.1.tlog
d:\cpp projects\stupid_stuff\bin\intermediates\debug\x64\stupid_stuff.tlog\link-cvtres.read.1.tlog
d:\cpp projects\stupid_stuff\bin\intermediates\debug\x64\stupid_stuff.tlog\link-cvtres.write.1.tlog
d:\cpp projects\stupid_stuff\bin\intermediates\debug\x64\stupid_stuff.tlog\link-rc.read.1.tlog
d:\cpp projects\stupid_stuff\bin\intermediates\debug\x64\stupid_stuff.tlog\link-rc.write.1.tlog
d:\cpp projects\stupid_stuff\bin\intermediates\debug\x64\stupid_stuff.tlog\link.3720-cvtres.read.1.tlog
d:\cpp projects\stupid_stuff\bin\intermediates\debug\x64\stupid_stuff.tlog\link.3720-cvtres.write.1.tlog
d:\cpp projects\stupid_stuff\bin\intermediates\debug\x64\stupid_stuff.tlog\link.3720-rc.read.1.tlog
d:\cpp projects\stupid_stuff\bin\intermediates\debug\x64\stupid_stuff.tlog\link.3720-rc.write.1.tlog
d:\cpp projects\stupid_stuff\bin\intermediates\debug\x64\stupid_stuff.tlog\link.3720.read.1.tlog
d:\cpp projects\stupid_stuff\bin\intermediates\debug\x64\stupid_stuff.tlog\link.3720.write.1.tlog
d:\cpp projects\stupid_stuff\bin\intermediates\debug\x64\stupid_stuff.tlog\link.command.1.tlog
d:\cpp projects\stupid_stuff\bin\intermediates\debug\x64\stupid_stuff.tlog\link.read.1.tlog
d:\cpp projects\stupid_stuff\bin\intermediates\debug\x64\stupid_stuff.tlog\link.write.1.tlog
